[LOG] System::create                           : Header version = 2.01.04. Current version = 2.01.04.
[LOG] Manager::init                            : maxchannels = 256 studioflags = 00000006 flags 00000000 extradriverdata 0000000000000000.
[LOG] SystemI::init                            : Initialize version=20104 (111454), maxchannels=256, flags=0x00020000
[LOG] SystemI::setOutputInternal               : Setting output to 'FMOD WASAPI Output'
[LOG] OutputWASAPI::init                       : Mix Format (WAVEFORMATEX): wFormatTag=0xFFFE, nChannels=2, nSamplesPerSec=48000, nAvgBytesPerSec=384000, nBlockAlign=8, wBitsPerSample=32, cbSize=22.
[LOG] OutputWASAPI::init                       : Mix Format (WAVEFORMATEXTENSIBLE): wValidBitsPerSample=32, dwChannelMask=0x00000003, SubFormat=00000003-0000-0010-8000-00AA00389B71.
[LOG] OutputWASAPI::init                       : Output buffer size: 4096 samples, latency: 0.00ms, period: 10.00ms, DSP buffer: 1024 * 4
[LOG] Thread::initThread                       : Init FMOD stream thread. Affinity: 0x8000000000000003, Priority: 0xFFFF7FFB, Stack Size: 98304, Semaphore: No, Sleep Time: 10, Looping: Yes.
[LOG] Thread::initThread                       : Init FMOD mixer thread. Affinity: 0x8000000000000001, Priority: 0xFFFF7FFA, Stack Size: 81920, Semaphore: No, Sleep Time: 0, Looping: Yes.
[LOG] AsyncManager::init                       : manager 00000227C388DB38 isAsync 0 updatePeriod 0.02
[LOG] AsyncManager::init                       : done
[LOG] PlaybackSystem::init                     : 
[LOG] Thread::initThread                       : Init FMOD Studio sample load thread. Affinity: 0x8000000000000003, Priority: 0xFFFF7FFD, Stack Size: 98304, Semaphore: No, Sleep Time: 1, Looping: No.
[LOG] PlaybackSystem::init                     : done
[LOG] Thread::initThread                       : Init FMOD Studio bank load thread. Affinity: 0x8000000000000003, Priority: 0xFFFF7FFD, Stack Size: 98304, Semaphore: No, Sleep Time: 1, Looping: No.
[LOG] Manager::init                            : done.
[LOG] Manager::readBank                        : fileversion = 135, compatVersion = 132 (oldest = 44, newest = 135)
[LOG] SystemI::createSoundInternal             : Create name='', mode=0x02000202
[LOG] SystemI::createSoundInternal             : exinfo->cbsize             = 224
[LOG] SystemI::createSoundInternal             : exinfo->length             = 3367936
[LOG] SystemI::createSoundInternal             : exinfo->fileoffset         = 12704
[LOG] SystemI::createSoundInternal             : exinfo->numsubsounds       = 1
[LOG] SystemI::createSoundInternal             : exinfo->inclusionlist      = 000000F5B1F6EFA8
[LOG] SystemI::createSoundInternal             : exinfo->inclusionlistnum   = 1
[LOG] SystemI::createSoundInternal             : exinfo->suggestedsoundtype = 5
[LOG] SystemI::createSoundInternal             : exinfo->useropen           = 00007FFC3F0E7DE0
[LOG] SystemI::createSoundInternal             : exinfo->userclose          = 00007FFC3F0E7DB0
[LOG] SystemI::createSoundInternal             : exinfo->userread           = 00007FFC3F0E7EB0
[LOG] SystemI::createSoundInternal             : exinfo->userseek           = 00007FFC3F0E7F70
[LOG] SystemI::createSoundInternal             : exinfo->fileuserdata       = 000002283A928B98
[LOG] SystemI::createSoundInternal             : exinfo->initialseekpostype = 1
[LOG] SystemI::DSPCodecPoolRegister            : register codec pool for pool type 5
[LOG] SystemI::createSoundInternal             : Sample 0/1: name='Jump - stem_3', format=5, channels=2, frequency=48000, lengthbytes=4192, lengthpcm=23796, pcmblocksize=0, loopstart=0, loopend=0, mode=0x00000000, channelmask=0x00000000, channelorder=0, peakvolume=0.385101.
[LOG] Manager::readBank                        : fileversion = 135, compatVersion = 132 (oldest = 44, newest = 135)
[LOG] SystemI::createSoundInternal             : Create name='', mode=0x02000202
[LOG] SystemI::createSoundInternal             : exinfo->cbsize             = 224
[LOG] SystemI::createSoundInternal             : exinfo->length             = 3367936
[LOG] SystemI::createSoundInternal             : exinfo->fileoffset         = 12704
[LOG] SystemI::createSoundInternal             : exinfo->numsubsounds       = 1
[LOG] SystemI::createSoundInternal             : exinfo->inclusionlist      = 000000F5B1F6EFA8
[LOG] SystemI::createSoundInternal             : exinfo->inclusionlistnum   = 1
[LOG] SystemI::createSoundInternal             : exinfo->suggestedsoundtype = 5
[LOG] SystemI::createSoundInternal             : exinfo->useropen           = 00007FFC3F0E7DE0
[LOG] SystemI::createSoundInternal             : exinfo->userclose          = 00007FFC3F0E7DB0
[LOG] SystemI::createSoundInternal             : exinfo->userread           = 00007FFC3F0E7EB0
[LOG] SystemI::createSoundInternal             : exinfo->userseek           = 00007FFC3F0E7F70
[LOG] SystemI::createSoundInternal             : exinfo->fileuserdata       = 00000227CB9F6088
[LOG] SystemI::createSoundInternal             : exinfo->initialseekpostype = 1
[LOG] SystemI::DSPCodecPoolRegister            : register codec pool for pool type 5
[LOG] SystemI::createSoundInternal             : Sample 0/1: name='Change Worlds - stem_End_1', format=5, channels=2, frequency=48000, lengthbytes=10048, lengthpcm=64793, pcmblocksize=0, loopstart=0, loopend=0, mode=0x00000000, channelmask=0x00000000, channelorder=0, peakvolume=0.141815.
[LOG] SystemI::createSoundInternal             : Create name='', mode=0x02000202
[LOG] SystemI::createSoundInternal             : exinfo->cbsize             = 224
[LOG] SystemI::createSoundInternal             : exinfo->length             = 3367936
[LOG] SystemI::createSoundInternal             : exinfo->fileoffset         = 12704
[LOG] SystemI::createSoundInternal             : exinfo->numsubsounds       = 1
[LOG] SystemI::createSoundInternal             : exinfo->inclusionlist      = 000000F5B1F6EFA8
[LOG] SystemI::createSoundInternal             : exinfo->inclusionlistnum   = 1
[LOG] SystemI::createSoundInternal             : exinfo->suggestedsoundtype = 5
[LOG] SystemI::createSoundInternal             : exinfo->useropen           = 00007FFC3F0E7DE0
[LOG] SystemI::createSoundInternal             : exinfo->userclose          = 00007FFC3F0E7DB0
[LOG] SystemI::createSoundInternal             : exinfo->userread           = 00007FFC3F0E7EB0
[LOG] SystemI::createSoundInternal             : exinfo->userseek           = 00007FFC3F0E7F70
[LOG] SystemI::createSoundInternal             : exinfo->fileuserdata       = 00000227CB9F6088
[LOG] SystemI::createSoundInternal             : exinfo->initialseekpostype = 1
[LOG] SystemI::DSPCodecPoolRegister            : register codec pool for pool type 5
[LOG] SystemI::createSoundInternal             : Sample 0/1: name='Change Worlds - stem_3', format=5, channels=2, frequency=48000, lengthbytes=12576, lengthpcm=86934, pcmblocksize=0, loopstart=0, loopend=0, mode=0x00000000, channelmask=0x00000000, channelorder=0, peakvolume=0.305817.
[LOG] AsyncThread::threadFunc                  : Starting Asynchronous operation on sound 0000022840E02418
[LOG] AsyncThread::threadFunc                  : Finished Asynchronous operation on sound 0000022840E02418
[LOG] SystemI::createSoundInternal             : Create name='', mode=0x02000202
[LOG] SystemI::createSoundInternal             : exinfo->cbsize             = 224
[LOG] SystemI::createSoundInternal             : exinfo->length             = 3367936
[LOG] SystemI::createSoundInternal             : exinfo->fileoffset         = 12704
[LOG] SystemI::createSoundInternal             : exinfo->numsubsounds       = 1
[LOG] SystemI::createSoundInternal             : exinfo->inclusionlist      = 000000F5B1F6EFA8
[LOG] SystemI::createSoundInternal             : exinfo->inclusionlistnum   = 1
[LOG] SystemI::createSoundInternal             : exinfo->suggestedsoundtype = 5
[LOG] SystemI::createSoundInternal             : exinfo->useropen           = 00007FFC3F0E7DE0
[LOG] SystemI::createSoundInternal             : exinfo->userclose          = 00007FFC3F0E7DB0
[LOG] SystemI::createSoundInternal             : exinfo->userread           = 00007FFC3F0E7EB0
[LOG] SystemI::createSoundInternal             : exinfo->userseek           = 00007FFC3F0E7F70
[LOG] SystemI::createSoundInternal             : exinfo->fileuserdata       = 00000227CB9F6088
[LOG] SystemI::createSoundInternal             : exinfo->initialseekpostype = 1
[LOG] SystemI::DSPCodecPoolRegister            : register codec pool for pool type 5
[LOG] SystemI::createSoundInternal             : Sample 0/1: name='Collectable - stem_2-001', format=5, channels=2, frequency=48000, lengthbytes=9120, lengthpcm=37340, pcmblocksize=0, loopstart=0, loopend=0, mode=0x00000000, channelmask=0x00000000, channelorder=0, peakvolume=0.164948.
[LOG] SystemI::createSoundInternal             : Create name='', mode=0x02000202
[LOG] SystemI::createSoundInternal             : exinfo->cbsize             = 224
[LOG] SystemI::createSoundInternal             : exinfo->length             = 3367936
[LOG] SystemI::createSoundInternal             : exinfo->fileoffset         = 12704
[LOG] SystemI::createSoundInternal             : exinfo->numsubsounds       = 1
[LOG] SystemI::createSoundInternal             : exinfo->inclusionlist      = 000000F5B1F6EFA8
[LOG] SystemI::createSoundInternal             : exinfo->inclusionlistnum   = 1
[LOG] SystemI::createSoundInternal             : exinfo->suggestedsoundtype = 5
[LOG] SystemI::createSoundInternal             : exinfo->useropen           = 00007FFC3F0E7DE0
[LOG] SystemI::createSoundInternal             : exinfo->userclose          = 00007FFC3F0E7DB0
[LOG] SystemI::createSoundInternal             : exinfo->userread           = 00007FFC3F0E7EB0
[LOG] SystemI::createSoundInternal             : exinfo->userseek           = 00007FFC3F0E7F70
[LOG] SystemI::createSoundInternal             : exinfo->fileuserdata       = 00000227CB9F6088
[LOG] SystemI::createSoundInternal             : exinfo->initialseekpostype = 1
[LOG] SystemI::DSPCodecPoolRegister            : register codec pool for pool type 5
[LOG] SystemI::createSoundInternal             : Sample 0/1: name='Collectable - stem_2-003', format=5, channels=2, frequency=48000, lengthbytes=8480, lengthpcm=33265, pcmblocksize=0, loopstart=0, loopend=0, mode=0x00000000, channelmask=0x00000000, channelorder=0, peakvolume=0.143738.
[LOG] SystemI::createSoundInternal             : Create name='', mode=0x02000202
[LOG] SystemI::createSoundInternal             : exinfo->cbsize             = 224
[LOG] SystemI::createSoundInternal             : exinfo->length             = 3367936
[LOG] SystemI::createSoundInternal             : exinfo->fileoffset         = 12704
[LOG] SystemI::createSoundInternal             : exinfo->numsubsounds       = 1
[LOG] SystemI::createSoundInternal             : exinfo->inclusionlist      = 000000F5B1F6EFA8
[LOG] SystemI::createSoundInternal             : exinfo->inclusionlistnum   = 1
[LOG] SystemI::createSoundInternal             : exinfo->suggestedsoundtype = 5
[LOG] SystemI::createSoundInternal             : exinfo->useropen           = 00007FFC3F0E7DE0
[LOG] SystemI::createSoundInternal             : exinfo->userclose          = 00007FFC3F0E7DB0
[LOG] SystemI::createSoundInternal             : exinfo->userread           = 00007FFC3F0E7EB0
[LOG] SystemI::createSoundInternal             : exinfo->userseek           = 00007FFC3F0E7F70
[LOG] SystemI::createSoundInternal             : exinfo->fileuserdata       = 00000227CB9F6088
[LOG] SystemI::createSoundInternal             : exinfo->initialseekpostype = 1
[LOG] SystemI::DSPCodecPoolRegister            : register codec pool for pool type 5
[LOG] SystemI::createSoundInternal             : Sample 0/1: name='Collectable - stem_2', format=5, channels=2, frequency=48000, lengthbytes=9024, lengthpcm=37338, pcmblocksize=0, loopstart=0, loopend=0, mode=0x00000000, channelmask=0x00000000, channelorder=0, peakvolume=0.169312.
[LOG] SystemI::createSoundInternal             : Create name='', mode=0x02000202
[LOG] SystemI::createSoundInternal             : exinfo->cbsize             = 224
[LOG] SystemI::createSoundInternal             : exinfo->length             = 3367936
[LOG] SystemI::createSoundInternal             : exinfo->fileoffset         = 12704
[LOG] SystemI::createSoundInternal             : exinfo->numsubsounds       = 1
[LOG] SystemI::createSoundInternal             : exinfo->inclusionlist      = 000000F5B1F6EFA8
[LOG] SystemI::createSoundInternal             : exinfo->inclusionlistnum   = 1
[LOG] SystemI::createSoundInternal             : exinfo->suggestedsoundtype = 5
[LOG] SystemI::createSoundInternal             : exinfo->useropen           = 00007FFC3F0E7DE0
[LOG] SystemI::createSoundInternal             : exinfo->userclose          = 00007FFC3F0E7DB0
[LOG] SystemI::createSoundInternal             : exinfo->userread           = 00007FFC3F0E7EB0
[LOG] SystemI::createSoundInternal             : exinfo->userseek           = 00007FFC3F0E7F70
[LOG] SystemI::createSoundInternal             : exinfo->fileuserdata       = 00000227CB9F6088
[LOG] SystemI::createSoundInternal             : exinfo->initialseekpostype = 1
[LOG] SystemI::DSPCodecPoolRegister            : register codec pool for pool type 5
[LOG] SystemI::createSoundInternal             : Sample 0/1: name='Final Collectable - stem_2', format=5, channels=2, frequency=48000, lengthbytes=10624, lengthpcm=41223, pcmblocksize=0, loopstart=0, loopend=0, mode=0x00000000, channelmask=0x00000000, channelorder=0, peakvolume=0.987976.
[LOG] SystemI::createSoundInternal             : Create name='', mode=0x02000202
[LOG] SystemI::createSoundInternal             : exinfo->cbsize             = 224
[LOG] SystemI::createSoundInternal             : exinfo->length             = 3367936
[LOG] SystemI::createSoundInternal             : exinfo->fileoffset         = 12704
[LOG] SystemI::createSoundInternal             : exinfo->numsubsounds       = 1
[LOG] SystemI::createSoundInternal             : exinfo->inclusionlist      = 000000F5B1F6EFA8
[LOG] SystemI::createSoundInternal             : exinfo->inclusionlistnum   = 1
[LOG] SystemI::createSoundInternal             : exinfo->suggestedsoundtype = 5
[LOG] SystemI::createSoundInternal             : exinfo->useropen           = 00007FFC3F0E7DE0
[LOG] SystemI::createSoundInternal             : exinfo->userclose          = 00007FFC3F0E7DB0
[LOG] SystemI::createSoundInternal             : exinfo->userread           = 00007FFC3F0E7EB0
[LOG] SystemI::createSoundInternal             : exinfo->userseek           = 00007FFC3F0E7F70
[LOG] SystemI::createSoundInternal             : exinfo->fileuserdata       = 00000227CB9F6088
[LOG] SystemI::createSoundInternal             : exinfo->initialseekpostype = 1
[LOG] SystemI::DSPCodecPoolRegister            : register codec pool for pool type 5
[LOG] SystemI::createSoundInternal             : Sample 0/1: name='Collectable - stem_2-002', format=5, channels=2, frequency=48000, lengthbytes=8928, lengthpcm=37339, pcmblocksize=0, loopstart=0, loopend=0, mode=0x00000000, channelmask=0x00000000, channelorder=0, peakvolume=0.166748.
[LOG] AsyncThread::threadFunc                  : Starting Asynchronous operation on sound 0000022840E025C8
[LOG] AsyncThread::threadFunc                  : Finished Asynchronous operation on sound 0000022840E025C8
[LOG] SystemI::createSoundInternal             : Create name='', mode=0x02000202
[LOG] SystemI::createSoundInternal             : exinfo->cbsize             = 224
[LOG] SystemI::createSoundInternal             : exinfo->length             = 3367936
[LOG] SystemI::createSoundInternal             : exinfo->fileoffset         = 12704
[LOG] SystemI::createSoundInternal             : exinfo->numsubsounds       = 1
[LOG] SystemI::createSoundInternal             : exinfo->inclusionlist      = 000000F5B1F6EFA8
[LOG] SystemI::createSoundInternal             : exinfo->inclusionlistnum   = 1
[LOG] SystemI::createSoundInternal             : exinfo->suggestedsoundtype = 5
[LOG] SystemI::createSoundInternal             : exinfo->useropen           = 00007FFC3F0E7DE0
[LOG] SystemI::createSoundInternal             : exinfo->userclose          = 00007FFC3F0E7DB0
[LOG] SystemI::createSoundInternal             : exinfo->userread           = 00007FFC3F0E7EB0
[LOG] SystemI::createSoundInternal             : exinfo->userseek           = 00007FFC3F0E7F70
[LOG] SystemI::createSoundInternal             : exinfo->fileuserdata       = 00000228411CA2D8
[LOG] SystemI::createSoundInternal             : exinfo->initialseekpostype = 1
[LOG] SystemI::DSPCodecPoolRegister            : register codec pool for pool type 5
[LOG] SystemI::createSoundInternal             : Sample 0/1: name='Level End - stem_2', format=5, channels=2, frequency=48000, lengthbytes=4160, lengthpcm=19200, pcmblocksize=0, loopstart=0, loopend=0, mode=0x00000000, channelmask=0x00000000, channelorder=0, peakvolume=0.463989.
[LOG] Manager::readBank                        : fileversion = 135, compatVersion = 132 (oldest = 44, newest = 135)
[LOG] Manager::readBank                        : fileversion = 135, compatVersion = 132 (oldest = 44, newest = 135)
[LOG] AsyncThread::threadFunc                  : Starting Asynchronous operation on sound 0000022840E02418
[LOG] AsyncThread::threadFunc                  : Finished Asynchronous operation on sound 0000022840E02418
[LOG] Manager::readBank                        : fileversion = 135, compatVersion = 132 (oldest = 44, newest = 135)
[LOG] AsyncThread::threadFunc                  : Starting Asynchronous operation on sound 0000022840E025C8
[LOG] AsyncThread::threadFunc                  : Finished Asynchronous operation on sound 0000022840E025C8
[LOG] Manager::readBank                        : fileversion = 135, compatVersion = 132 (oldest = 44, newest = 135)
[LOG] Manager::readBank                        : fileversion = 135, compatVersion = 132 (oldest = 44, newest = 135)
[LOG] AsyncThread::threadFunc                  : Starting Asynchronous operation on sound 0000022840E02418
[LOG] AsyncThread::threadFunc                  : Finished Asynchronous operation on sound 0000022840E02418
[LOG] Manager::readBank                        : fileversion = 135, compatVersion = 132 (oldest = 44, newest = 135)
[LOG] AsyncThread::threadFunc                  : Starting Asynchronous operation on sound 0000022840E025C8
[LOG] AsyncThread::threadFunc                  : Finished Asynchronous operation on sound 0000022840E025C8
[LOG] Manager::readBank                        : fileversion = 135, compatVersion = 132 (oldest = 44, newest = 135)
[LOG] AsyncThread::threadFunc                  : Starting Asynchronous operation on sound 0000022840E02418
[LOG] AsyncThread::threadFunc                  : Finished Asynchronous operation on sound 0000022840E02418
[LOG] AsyncThread::threadFunc                  : Starting Asynchronous operation on sound 0000022840E025C8
[LOG] AsyncThread::threadFunc                  : Finished Asynchronous operation on sound 0000022840E025C8
[LOG] Manager::readBank                        : fileversion = 135, compatVersion = 132 (oldest = 44, newest = 135)
[LOG] AsyncThread::threadFunc                  : Starting Asynchronous operation on sound 0000022840E02418
[LOG] AsyncThread::threadFunc                  : Finished Asynchronous operation on sound 0000022840E02418
[LOG] AsyncThread::threadFunc                  : Starting Asynchronous operation on sound 0000022840E025C8
[LOG] AsyncThread::threadFunc                  : Finished Asynchronous operation on sound 0000022840E025C8
[LOG] Manager::readBank                        : fileversion = 135, compatVersion = 132 (oldest = 44, newest = 135)
[LOG] AsyncThread::threadFunc                  : Starting Asynchronous operation on sound 0000022840E02418
[LOG] AsyncThread::threadFunc                  : Finished Asynchronous operation on sound 0000022840E02418
[LOG] AsyncThread::threadFunc                  : Starting Asynchronous operation on sound 0000022840E025C8
[LOG] AsyncThread::threadFunc                  : Finished Asynchronous operation on sound 0000022840E025C8
[LOG] AsyncThread::threadFunc                  : Starting Asynchronous operation on sound 0000022840E02418
[LOG] AsyncThread::threadFunc                  : Finished Asynchronous operation on sound 0000022840E02418
[LOG] Manager::readBank                        : fileversion = 135, compatVersion = 132 (oldest = 44, newest = 135)
[LOG] AsyncThread::threadFunc                  : Starting Asynchronous operation on sound 0000022840E025C8
[LOG] AsyncThread::threadFunc                  : Finished Asynchronous operation on sound 0000022840E025C8
[LOG] Manager::readBank                        : fileversion = 135, compatVersion = 132 (oldest = 44, newest = 135)
[LOG] AsyncThread::threadFunc                  : Starting Asynchronous operation on sound 0000022840E02418
[LOG] AsyncThread::threadFunc                  : Finished Asynchronous operation on sound 0000022840E02418
[LOG] AsyncThread::threadFunc                  : Starting Asynchronous operation on sound 0000022840E025C8
[LOG] AsyncThread::threadFunc                  : Finished Asynchronous operation on sound 0000022840E025C8
[LOG] SoundI::release                          : World A - stem-glued_2 (00000227C20EE618)
[LOG] SoundI::release                          :     World A - stem-glued_2 (00000227A8EF8298)
[LOG] SoundI::release                          :     World A - stem-glued_2 (0000022840E025C8)
[LOG] SoundI::release                          : World B - stem-glued_2 (0000022840E020B8)
[LOG] SoundI::release                          :     World B - stem-glued_2 (00000227A8EF8AB8)
[LOG] SoundI::release                          :     World B - stem-glued_2 (0000022840E02418)
[LOG] SoundI::release                          :  (00000227A8C748E8)
[LOG] SoundI::release                          :     Final Collectable - stem_2 (00000227C8FA88A8)
[LOG] SoundI::release                          :  (00000227A8C703E8)
[LOG] SoundI::release                          :     Level End - stem_2 (00000225BCA46D58)
[LOG] SoundI::release                          :  (00000227A8C72218)
[LOG] SoundI::release                          :     Change Worlds - stem_End_1 (00000227C8FA8F28)
[LOG] SoundI::release                          :  (00000227A8C755D8)
[LOG] SoundI::release                          :     Change Worlds - stem_3 (00000227C8FA8A48)
[LOG] SoundI::release                          :  (00000227A8C74048)
[LOG] SoundI::release                          :     Jump - stem_3 (00000227C2EF4898)
[LOG] SoundI::release                          :  (00000227A8C70F68)
[LOG] SoundI::release                          :     Collectable - stem_2-001 (00000227C8FA90C8)
[LOG] SoundI::release                          :  (00000227A8C72388)
[LOG] SoundI::release                          :     Collectable - stem_2-002 (00000227C8FA8BE8)
[LOG] SoundI::release                          :  (00000227A8C74778)
[LOG] SoundI::release                          :     Collectable - stem_2-003 (00000227C8FA8708)
[LOG] SoundI::release                          :  (00000227A8C6FE28)
[LOG] SoundI::release                          :     Collectable - stem_2 (00000227C8FA83C8)
[LOG] Thread::callback                         : FMOD Studio update thread finished.
[LOG] Thread::callback                         : FMOD Studio bank load thread finished.
[LOG] ProfileClient::markForDead               : Closing client connection
[LOG] Profile::disconnectAll                   : Profiler disconnecting all clients
[LOG] FMOD_OS_Net_Read                         : Interrupted.[LOG] Thread::callback                         : FMOD profiler thread (send) finished.
[LOG] ProfileClient::recvThreadLoopFunction    : Socket disconnected
[LOG] Thread::callback                         : FMOD profiler thread (recv) finished.
[LOG] Thread::callback                         : FMOD Studio sample load thread finished.
[LOG] LiveUpdate::release                      : 
[LOG] LiveUpdate::reset                        : Reset connection (reason Disconnected)
[LOG] Thread::callback                         : FMOD stream thread finished.
[LOG] Thread::callback                         : FMOD mixer thread finished.
[LOG] Profile::disconnectAll                   : Profiler disconnecting all clients
[LOG] SystemI::close                           : Closed.
[LOG] Manager::readBank                        : fileversion = 135, compatVersion = 132 (oldest = 44, newest = 135)
[LOG] Manager::readBank                        : fileversion = 135, compatVersion = 132 (oldest = 44, newest = 135)
[LOG] Manager::readBank                        : fileversion = 135, compatVersion = 132 (oldest = 44, newest = 135)
[LOG] PlaybackSystem::acquireMasterBus         : Setting master channel group format to 6
[LOG] Thread::callback                         : FMOD Studio bank load thread finished.
[LOG] Thread::callback                         : FMOD Studio sample load thread finished.
[LOG] LiveUpdate::release                      : 
[LOG] LiveUpdate::reset                        : Reset connection (reason Disconnected)
[LOG] Thread::callback                         : FMOD stream thread finished.
[LOG] Thread::callback                         : FMOD mixer thread finished.
[LOG] SystemI::close                           : Closed.
[LOG] Thread::callback                         : FMOD nonblocking thread (0) finished.
[LOG] Thread::callback                         : FMOD file thread finished.
